Release 14.5 - xst P.58f (nt64)
Copyright (c) 1995-2012 Xilinx, Inc.  All rights reserved.
--> Parameter TMPDIR set to xst/projnav.tmp


Total REAL time to Xst completion: 0.00 secs
Total CPU time to Xst completion: 0.12 secs
 
--> Parameter xsthdpdir set to xst


Total REAL time to Xst completion: 0.00 secs
Total CPU time to Xst completion: 0.12 secs
 
--> Reading design: fftTOP.prj

TABLE OF CONTENTS
  1) Synthesis Options Summary
  2) HDL Parsing
  3) HDL Elaboration
  4) HDL Synthesis
       4.1) HDL Synthesis Report
  5) Advanced HDL Synthesis
       5.1) Advanced HDL Synthesis Report
  6) Low Level Synthesis
  7) Partition Report
  8) Design Summary
       8.1) Primitive and Black Box Usage
       8.2) Device utilization summary
       8.3) Partition Resource Summary
       8.4) Timing Report
            8.4.1) Clock Information
            8.4.2) Asynchronous Control Signals Information
            8.4.3) Timing Summary
            8.4.4) Timing Details
            8.4.5) Cross Clock Domains Report


=========================================================================
*                      Synthesis Options Summary                        *
=========================================================================
---- Source Parameters
Input File Name                    : "fftTOP.prj"
Ignore Synthesis Constraint File   : NO

---- Target Parameters
Output File Name                   : "fftTOP"
Output Format                      : NGC
Target Device                      : xc6slx16-3-csg324

---- Source Options
Top Module Name                    : fftTOP
Automatic FSM Extraction           : YES
FSM Encoding Algorithm             : Auto
Safe Implementation                : No
FSM Style                          : LUT
RAM Extraction                     : Yes
RAM Style                          : Auto
ROM Extraction                     : Yes
Shift Register Extraction          : YES
ROM Style                          : Auto
Resource Sharing                   : YES
Asynchronous To Synchronous        : NO
Shift Register Minimum Size        : 2
Use DSP Block                      : Auto
Automatic Register Balancing       : No

---- Target Options
LUT Combining                      : Auto
Reduce Control Sets                : Auto
Add IO Buffers                     : YES
Global Maximum Fanout              : 100000
Add Generic Clock Buffer(BUFG)     : 16
Register Duplication               : YES
Optimize Instantiated Primitives   : NO
Use Clock Enable                   : Auto
Use Synchronous Set                : Auto
Use Synchronous Reset              : Auto
Pack IO Registers into IOBs        : Auto
Equivalent register Removal        : YES

---- General Options
Optimization Goal                  : Speed
Optimization Effort                : 1
Power Reduction                    : NO
Keep Hierarchy                     : No
Netlist Hierarchy                  : As_Optimized
RTL Output                         : Yes
Global Optimization                : AllClockNets
Read Cores                         : YES
Write Timing Constraints           : NO
Cross Clock Analysis               : NO
Hierarchy Separator                : /
Bus Delimiter                      : <>
Case Specifier                     : Maintain
Slice Utilization Ratio            : 100
BRAM Utilization Ratio             : 100
DSP48 Utilization Ratio            : 100
Auto BRAM Packing                  : NO
Slice Utilization Ratio Delta      : 5

---- Other Options
Cores Search Directories           : {"ipcore_dir"  }

=========================================================================


=========================================================================
*                          HDL Parsing                                  *
=========================================================================
Parsing VHDL file "C:\Users\Ivan\Documents\GitHub\Electronica-6\Practica8_FFT\ipcore_dir\sqrt.vhd" into library work
Parsing entity <sqrt>.
Parsing architecture <sqrt_a> of entity <sqrt>.
Parsing VHDL file "C:\Users\Ivan\Documents\GitHub\Electronica-6\Practica8_FFT\ipcore_dir\fft.vhd" into library work
Parsing VHDL file "C:\Users\Ivan\Documents\GitHub\Electronica-6\Practica8_FFT\fftTOP.vhd" into library work
Parsing entity <fftTOP>.
Parsing architecture <Behavioral> of entity <ffttop>.

=========================================================================
*                            HDL Elaboration                            *
=========================================================================

Elaborating entity <fftTOP> (architecture <Behavioral>) with generics from library <work>.
WARNING:HDLCompiler:89 - "C:\Users\Ivan\Documents\GitHub\Electronica-6\Practica8_FFT\fftTOP.vhd" Line 42: <fft> remains a black-box since it has no binding entity.

Elaborating entity <sqrt> (architecture <sqrt_a>) from library <work>.

=========================================================================
*                           HDL Synthesis                               *
=========================================================================

Synthesizing Unit <fftTOP>.
    Related source file is "C:\Users\Ivan\Documents\GitHub\Electronica-6\Practica8_FFT\fftTOP.vhd".
        BUS_WIDTH = 8
        SAMPLES_WIDTH = 10
WARNING:Xst:647 - Input <rst> is never used. This port will be preserved and left unconnected if it belongs to a top-level block or it belongs to a sub-block and the hierarchy of this sub-block is preserved.
INFO:Xst:3210 - "C:\Users\Ivan\Documents\GitHub\Electronica-6\Practica8_FFT\fftTOP.vhd" line 88: Output port <xn_index> of the instance <fftInstance> is unconnected or connected to loadless signal.
INFO:Xst:3210 - "C:\Users\Ivan\Documents\GitHub\Electronica-6\Practica8_FFT\fftTOP.vhd" line 88: Output port <edone> of the instance <fftInstance> is unconnected or connected to loadless signal.
INFO:Xst:3210 - "C:\Users\Ivan\Documents\GitHub\Electronica-6\Practica8_FFT\fftTOP.vhd" line 88: Output port <dv> of the instance <fftInstance> is unconnected or connected to loadless signal.
    Found 17-bit adder for signal <stdSum> created at line 82.
    Found 8x8-bit multiplier for signal <xre2> created at line 80.
    Found 8x8-bit multiplier for signal <xim2> created at line 81.
    Summary:
	inferred   2 Multiplier(s).
	inferred   1 Adder/Subtractor(s).
Unit <fftTOP> synthesized.

=========================================================================
HDL Synthesis Report

Macro Statistics
# Multipliers                                          : 2
 8x8-bit multiplier                                    : 2
# Adders/Subtractors                                   : 1
 17-bit adder                                          : 1

=========================================================================

=========================================================================
*                       Advanced HDL Synthesis                          *
=========================================================================

Reading core <ipcore_dir/fft.ngc>.
Reading Secure Unit <blk00000139>.
Reading core <ipcore_dir/sqrt.ngc>.
Reading Secure Unit <blk00000016>.
Loading core <fft> for timing and area information for instance <fftInstance>.
Loading core <sqrt> for timing and area information for instance <sqrtInstance>.

Synthesizing (advanced) Unit <fftTOP>.
	Multiplier <Mmult_xre2> in block <fftTOP> and adder/subtractor <Madd_stdSum> in block <fftTOP> are combined into a MAC<Maddsub_xre2>.
Unit <fftTOP> synthesized (advanced).

=========================================================================
Advanced HDL Synthesis Report

Macro Statistics
# MACs                                                 : 1
 8x8-to-17-bit MAC                                     : 1
# Multipliers                                          : 1
 8x8-bit multiplier                                    : 1

=========================================================================

=========================================================================
*                         Low Level Synthesis                           *
=========================================================================

Optimizing unit <fftTOP> ...

Mapping all equations...
Building and optimizing final netlist ...
Found area constraint ratio of 100 (+ 5) on block fftTOP, actual ratio is 5.

Final Macro Processing ...

=========================================================================
Final Register Report

Found no macro
=========================================================================

=========================================================================
*                           Partition Report                            *
=========================================================================

Partition Implementation Status
-------------------------------

  No Partitions were found in this design.

-------------------------------

=========================================================================
*                            Design Summary                             *
=========================================================================

Top Level Output File Name         : fftTOP.ngc

Primitive and Black Box Usage:
------------------------------
# BELS                             : 446
#      GND                         : 4
#      INV                         : 10
#      LUT1                        : 1
#      LUT2                        : 42
#      LUT3                        : 110
#      LUT4                        : 62
#      LUT5                        : 28
#      LUT6                        : 88
#      MUXCY                       : 44
#      MUXF7                       : 20
#      MUXF8                       : 10
#      VCC                         : 4
#      XORCY                       : 23
# FlipFlops/Latches                : 562
#      FD                          : 91
#      FDE                         : 185
#      FDR                         : 59
#      FDRE                        : 214
#      FDS                         : 2
#      FDSE                        : 11
# RAMS                             : 2
#      RAMB16BWER                  : 1
#      RAMB8BWER                   : 1
# Shift Registers                  : 83
#      SRL16E                      : 70
#      SRLC16E                     : 13
# Clock Buffers                    : 1
#      BUFGP                       : 1
# IO Buffers                       : 35
#      IBUF                        : 13
#      OBUF                        : 22
# DSPs                             : 4
#      DSP48A1                     : 4

Device utilization summary:
---------------------------

Selected Device : 6slx16csg324-3 


Slice Logic Utilization: 
 Number of Slice Registers:             562  out of  18224     3%  
 Number of Slice LUTs:                  424  out of   9112     4%  
    Number used as Logic:               341  out of   9112     3%  
    Number used as Memory:               83  out of   2176     3%  
       Number used as SRL:               83

Slice Logic Distribution: 
 Number of LUT Flip Flop pairs used:    741
   Number with an unused Flip Flop:     179  out of    741    24%  
   Number with an unused LUT:           317  out of    741    42%  
   Number of fully used LUT-FF pairs:   245  out of    741    33%  
   Number of unique control sets:        17

IO Utilization: 
 Number of IOs:                          37
 Number of bonded IOBs:                  36  out of    232    15%  

Specific Feature Utilization:
 Number of Block RAM/FIFO:                2  out of     32     6%  
    Number using Block RAM only:          2
 Number of BUFG/BUFGCTRL/BUFHCEs:         1  out of     16     6%  
 Number of DSP48A1s:                      4  out of     32    12%  

---------------------------
Partition Resource Summary:
---------------------------

  No Partitions were found in this design.

---------------------------


=========================================================================
Timing Report

NOTE: THESE TIMING NUMBERS ARE ONLY A SYNTHESIS ESTIMATE.
      FOR ACCURATE TIMING INFORMATION PLEASE REFER TO THE TRACE REPORT
      GENERATED AFTER PLACE-and-ROUTE.

Clock Information:
------------------
-----------------------------------+------------------------+-------+
Clock Signal                       | Clock buffer(FF name)  | Load  |
-----------------------------------+------------------------+-------+
clk                                | BUFGP                  | 676   |
-----------------------------------+------------------------+-------+

Asynchronous Control Signals Information:
----------------------------------------
No asynchronous control signals found in this design

Timing Summary:
---------------
Speed Grade: -3

   Minimum period: 19.034ns (Maximum Frequency: 52.537MHz)
   Minimum input arrival time before clock: 3.773ns
   Maximum output required time after clock: 3.975ns
   Maximum combinational path delay: No path found

Timing Details:
---------------
All values displayed in nanoseconds (ns)

=========================================================================
Timing constraint: Default period analysis for Clock 'clk'
  Clock period: 19.034ns (frequency: 52.537MHz)
  Total number of paths / destination ports: 739003312 / 1041
-------------------------------------------------------------------------
Delay:               19.034ns (Levels of Logic = 67)
  Source:            sqrtInstance/blk00000007 (FF)
  Destination:       sqrtInstance/blk000000ef (FF)
  Source Clock:      clk rising
  Destination Clock: clk rising

  Data Path: sqrtInstance/blk00000007 to sqrtInstance/blk000000ef
                                Gate     Net
    Cell:in->out      fanout   Delay   Delay  Logical Name (Net Name)
    ----------------------------------------  ------------
     FDE:C->Q              6   0.447   0.973  blk00000007 (sig00000074)
     LUT3:I0->O            7   0.205   0.774  blk00000103 (sig0000004d)
     begin scope: 'sqrtInstance/blk00000088:B<2>'
     SEC:in->out           1   0.205   0.000  sec_inst (sec_net)
     SEC:in->out           1   0.172   0.000  sec_inst (sec_net)
     SEC:in->out           1   0.019   0.000  sec_inst (sec_net)
     SEC:in->out           1   0.019   0.000  sec_inst (sec_net)
     SEC:in->out          14   0.180   0.958  sec_inst (sec_net)
     end scope: 'sqrtInstance/blk00000088:S<5>'
     LUT3:I2->O            2   0.205   0.617  blk000000ff (sig0000005b)
     begin scope: 'sqrtInstance/blk0000004f:A<3>'
     SEC:in->out           1   0.205   0.000  sec_inst (sec_net)
     SEC:in->out           1   0.172   0.000  sec_inst (sec_net)
     SEC:in->out           1   0.019   0.000  sec_inst (sec_net)
     SEC:in->out           1   0.019   0.000  sec_inst (sec_net)
     SEC:in->out          14   0.180   0.958  sec_inst (sec_net)
     end scope: 'sqrtInstance/blk0000004f:S<6>'
     LUT3:I2->O            2   0.205   0.617  blk00000100 (sig0000005f)
     begin scope: 'sqrtInstance/blk00000016:A<2>'
     SEC:in->out           1   0.205   0.000  sec_inst (sec_net)
     SEC:in->out           1   0.172   0.000  sec_inst (sec_net)
     SEC:in->out           1   0.019   0.000  sec_inst (sec_net)
     SEC:in->out           1   0.019   0.000  sec_inst (sec_net)
     SEC:in->out           1   0.019   0.000  sec_inst (sec_net)
     SEC:in->out           1   0.019   0.000  sec_inst (sec_net)
     SEC:in->out          15   0.180   0.982  sec_inst (sec_net)
     end scope: 'sqrtInstance/blk00000016:S<7>'
     LUT5:I4->O            3   0.205   0.651  blk00000111 (sig00000047)
     begin scope: 'sqrtInstance/blk00000031:A<5>'
     SEC:in->out           1   0.205   0.000  sec_inst (sec_net)
     SEC:in->out           1   0.172   0.000  sec_inst (sec_net)
     SEC:in->out           1   0.019   0.000  sec_inst (sec_net)
     SEC:in->out           1   0.019   0.000  sec_inst (sec_net)
     SEC:in->out          14   0.180   0.958  sec_inst (sec_net)
     end scope: 'sqrtInstance/blk00000031:S<8>'
     LUT3:I2->O            2   0.205   0.617  blk000000f1 (sig0000003d)
     begin scope: 'sqrtInstance/blk00000067:A<2>'
     SEC:in->out           1   0.205   0.000  sec_inst (sec_net)
     SEC:in->out           1   0.172   0.000  sec_inst (sec_net)
     SEC:in->out           1   0.019   0.000  sec_inst (sec_net)
     SEC:in->out           1   0.019   0.000  sec_inst (sec_net)
     SEC:in->out           1   0.019   0.000  sec_inst (sec_net)
     SEC:in->out           1   0.019   0.000  sec_inst (sec_net)
     SEC:in->out           1   0.019   0.000  sec_inst (sec_net)
     SEC:in->out           1   0.019   0.000  sec_inst (sec_net)
     SEC:in->out          18   0.180   1.050  sec_inst (sec_net)
     end scope: 'sqrtInstance/blk00000067:S<9>'
     LUT3:I2->O            1   0.205   0.580  blk000000f7 (sig00000029)
     begin scope: 'sqrtInstance/blk0000009c:A<2>'
     SEC:in->out           1   0.205   0.000  sec_inst (sec_net)
     SEC:in->out           1   0.172   0.000  sec_inst (sec_net)
     SEC:in->out           1   0.019   0.000  sec_inst (sec_net)
     SEC:in->out           1   0.019   0.000  sec_inst (sec_net)
     SEC:in->out           1   0.019   0.000  sec_inst (sec_net)
     SEC:in->out           1   0.019   0.000  sec_inst (sec_net)
     SEC:in->out           1   0.019   0.000  sec_inst (sec_net)
     SEC:in->out           1   0.019   0.000  sec_inst (sec_net)
     SEC:in->out           1   0.019   0.000  sec_inst (sec_net)
     SEC:in->out          11   0.180   0.883  sec_inst (sec_net)
     end scope: 'sqrtInstance/blk0000009c:S<10>'
     LUT3:I2->O            1   0.205   0.580  blk000000fc (sig00000014)
     begin scope: 'sqrtInstance/blk000000c0:A<2>'
     SEC:in->out           1   0.205   0.000  sec_inst (sec_net)
     SEC:in->out           1   0.172   0.000  sec_inst (sec_net)
     SEC:in->out           1   0.019   0.000  sec_inst (sec_net)
     SEC:in->out           1   0.019   0.000  sec_inst (sec_net)
     SEC:in->out           1   0.019   0.000  sec_inst (sec_net)
     SEC:in->out           1   0.019   0.000  sec_inst (sec_net)
     SEC:in->out           1   0.019   0.000  sec_inst (sec_net)
     SEC:in->out           1   0.019   0.000  sec_inst (sec_net)
     SEC:in->out           1   0.019   0.000  sec_inst (sec_net)
     SEC:in->out           1   0.019   0.000  sec_inst (sec_net)
     SEC:in->out           1   0.180   0.579  sec_inst (sec_net)
     end scope: 'sqrtInstance/blk000000c0:S<11>'
     INV:I->O              1   0.206   0.579  blk0000011d (sig0000004f)
     FDE:D                     0.102          blk000000ef
    ----------------------------------------
    Total                     19.034ns (6.678ns logic, 12.356ns route)
                                       (35.1% logic, 64.9% route)

=========================================================================
Timing constraint: Default OFFSET IN BEFORE for Clock 'clk'
  Total number of paths / destination ports: 43 / 42
-------------------------------------------------------------------------
Offset:              3.773ns (Levels of Logic = 3)
  Source:            SQRTce (PAD)
  Destination:       sqrtInstance/blk000000e7 (FF)
  Destination Clock: clk rising

  Data Path: SQRTce to sqrtInstance/blk000000e7
                                Gate     Net
    Cell:in->out      fanout   Delay   Delay  Logical Name (Net Name)
    ----------------------------------------  ------------
     IBUF:I->O            20   1.222   1.197  SQRTce_IBUF (SQRTce_IBUF)
     begin scope: 'sqrtInstance:ce'
     LUT2:I0->O            9   0.203   0.829  blk00000104 (sig00000057)
     FDE:CE                    0.322          blk000000ef
    ----------------------------------------
    Total                      3.773ns (1.747ns logic, 2.026ns route)
                                       (46.3% logic, 53.7% route)

=========================================================================
Timing constraint: Default OFFSET OUT AFTER for Clock 'clk'
  Total number of paths / destination ports: 22 / 22
-------------------------------------------------------------------------
Offset:              3.975ns (Levels of Logic = 2)
  Source:            fftInstance/blk000003d6 (FF)
  Destination:       FFTrfd (PAD)
  Source Clock:      clk rising

  Data Path: fftInstance/blk000003d6 to FFTrfd
                                Gate     Net
    Cell:in->out      fanout   Delay   Delay  Logical Name (Net Name)
    ----------------------------------------  ------------
     FD:C->Q              14   0.447   0.957  blk000003d6 (rfd)
     end scope: 'fftInstance:rfd'
     OBUF:I->O                 2.571          FFTrfd_OBUF (FFTrfd)
    ----------------------------------------
    Total                      3.975ns (3.018ns logic, 0.957ns route)
                                       (75.9% logic, 24.1% route)

=========================================================================

Cross Clock Domains Report:
--------------------------

Clock to Setup on destination clock clk
---------------+---------+---------+---------+---------+
               | Src:Rise| Src:Fall| Src:Rise| Src:Fall|
Source Clock   |Dest:Rise|Dest:Rise|Dest:Fall|Dest:Fall|
---------------+---------+---------+---------+---------+
clk            |   19.034|         |         |         |
---------------+---------+---------+---------+---------+

=========================================================================


Total REAL time to Xst completion: 9.00 secs
Total CPU time to Xst completion: 9.55 secs
 
--> 

Total memory usage is 264160 kilobytes

Number of errors   :    0 (   0 filtered)
Number of warnings :    2 (   0 filtered)
Number of infos    :    3 (   0 filtered)

