Command line:
   Semaforo_TB_isim_beh.exe
     -simmode  gui
     -simrunnum  0
     -socket  2136

Sun Feb 23 12:12:08 2014


 Elaboration Time: 0.0624 sec

 Current Memory Usage: 651.416 Meg

 Total Signals          : 12
 Total Nets             : 7
 Total Signal Drivers   : 7
 Total Blocks           : 4
 Total Primitive Blocks : 3
 Total Processes        : 3
 Total Traceable Variables  : 17
 Total Scalar Nets and Variables : 494
Total Line Count : 46

 Total Simulation Time: 0.1092 sec

 Current Memory Usage: 652.136 Meg

Sun Feb 23 18:51:18 2014

