Release 14.5 - xst P.58f (nt)
Copyright (c) 1995-2012 Xilinx, Inc.  All rights reserved.
--> Parameter TMPDIR set to xst/projnav.tmp


Total REAL time to Xst completion: 0.00 secs
Total CPU time to Xst completion: 0.14 secs
 
--> Parameter xsthdpdir set to xst


Total REAL time to Xst completion: 0.00 secs
Total CPU time to Xst completion: 0.14 secs
 
--> Reading design: TOP.prj

TABLE OF CONTENTS
  1) Synthesis Options Summary
  2) HDL Parsing
  3) HDL Elaboration
  4) HDL Synthesis
       4.1) HDL Synthesis Report
  5) Advanced HDL Synthesis
       5.1) Advanced HDL Synthesis Report
  6) Low Level Synthesis
  7) Partition Report
  8) Design Summary
       8.1) Primitive and Black Box Usage
       8.2) Device utilization summary
       8.3) Partition Resource Summary
       8.4) Timing Report
            8.4.1) Clock Information
            8.4.2) Asynchronous Control Signals Information
            8.4.3) Timing Summary
            8.4.4) Timing Details
            8.4.5) Cross Clock Domains Report


=========================================================================
*                      Synthesis Options Summary                        *
=========================================================================
---- Source Parameters
Input File Name                    : "TOP.prj"
Ignore Synthesis Constraint File   : NO

---- Target Parameters
Output File Name                   : "TOP"
Output Format                      : NGC
Target Device                      : xc6slx16-3N-csg324

---- Source Options
Top Module Name                    : TOP
Automatic FSM Extraction           : YES
FSM Encoding Algorithm             : Auto
Safe Implementation                : No
FSM Style                          : LUT
RAM Extraction                     : Yes
RAM Style                          : Auto
ROM Extraction                     : Yes
Shift Register Extraction          : YES
ROM Style                          : Auto
Resource Sharing                   : YES
Asynchronous To Synchronous        : NO
Shift Register Minimum Size        : 2
Use DSP Block                      : Auto
Automatic Register Balancing       : No

---- Target Options
LUT Combining                      : Auto
Reduce Control Sets                : Auto
Add IO Buffers                     : YES
Global Maximum Fanout              : 100000
Add Generic Clock Buffer(BUFG)     : 16
Register Duplication               : YES
Optimize Instantiated Primitives   : NO
Use Clock Enable                   : Auto
Use Synchronous Set                : Auto
Use Synchronous Reset              : Auto
Pack IO Registers into IOBs        : Auto
Equivalent register Removal        : YES

---- General Options
Optimization Goal                  : Speed
Optimization Effort                : 1
Power Reduction                    : NO
Keep Hierarchy                     : No
Netlist Hierarchy                  : As_Optimized
RTL Output                         : Yes
Global Optimization                : AllClockNets
Read Cores                         : YES
Write Timing Constraints           : NO
Cross Clock Analysis               : NO
Hierarchy Separator                : /
Bus Delimiter                      : <>
Case Specifier                     : Maintain
Slice Utilization Ratio            : 100
BRAM Utilization Ratio             : 100
DSP48 Utilization Ratio            : 100
Auto BRAM Packing                  : NO
Slice Utilization Ratio Delta      : 5

=========================================================================


=========================================================================
*                          HDL Parsing                                  *
=========================================================================
Parsing VHDL file "C:\Users\Ivan\Desktop\fpgaE6Review\Practica5\PWM.vhd" into library work
Parsing entity <PWM>.
Parsing architecture <behavioral> of entity <pwm>.
Parsing VHDL file "C:\Users\Ivan\Desktop\fpgaE6Review\Practica5\TOP_PWM.vhd" into library work
Parsing entity <TOP>.
Parsing architecture <Behavioral> of entity <top>.

=========================================================================
*                            HDL Elaboration                            *
=========================================================================

Elaborating entity <TOP> (architecture <Behavioral>) from library <work>.

Elaborating entity <PWM> (architecture <behavioral>) with generics from library <work>.

=========================================================================
*                           HDL Synthesis                               *
=========================================================================

Synthesizing Unit <TOP>.
    Related source file is "C:\Users\Ivan\Desktop\fpgaE6Review\Practica5\TOP_PWM.vhd".
    Summary:
	no macro.
Unit <TOP> synthesized.

Synthesizing Unit <PWM>.
    Related source file is "C:\Users\Ivan\Desktop\fpgaE6Review\Practica5\PWM.vhd".
        PWM_Resolution = 8
    Found 1-bit register for signal <enable>.
    Found 8-bit register for signal <max_pwm>.
    Found 8-bit register for signal <count>.
    Found 8-bit adder for signal <count[7]_GND_5_o_add_0_OUT> created at line 42.
    Found 8-bit comparator lessequal for signal <n0009> created at line 49
    Summary:
	inferred   1 Adder/Subtractor(s).
	inferred  17 D-type flip-flop(s).
	inferred   1 Comparator(s).
Unit <PWM> synthesized.

=========================================================================
HDL Synthesis Report

Macro Statistics
# Adders/Subtractors                                   : 6
 8-bit adder                                           : 6
# Registers                                            : 18
 1-bit register                                        : 6
 8-bit register                                        : 12
# Comparators                                          : 6
 8-bit comparator lessequal                            : 6

=========================================================================

=========================================================================
*                       Advanced HDL Synthesis                          *
=========================================================================


Synthesizing (advanced) Unit <PWM>.
The following registers are absorbed into counter <count>: 1 register on signal <count>.
Unit <PWM> synthesized (advanced).

=========================================================================
Advanced HDL Synthesis Report

Macro Statistics
# Counters                                             : 6
 8-bit up counter                                      : 6
# Registers                                            : 54
 Flip-Flops                                            : 54
# Comparators                                          : 6
 8-bit comparator lessequal                            : 6

=========================================================================

=========================================================================
*                         Low Level Synthesis                           *
=========================================================================

Optimizing unit <TOP> ...

Mapping all equations...
Building and optimizing final netlist ...
Found area constraint ratio of 100 (+ 5) on block TOP, actual ratio is 1.

Final Macro Processing ...

=========================================================================
Final Register Report

Macro Statistics
# Registers                                            : 102
 Flip-Flops                                            : 102

=========================================================================

=========================================================================
*                           Partition Report                            *
=========================================================================

Partition Implementation Status
-------------------------------

  No Partitions were found in this design.

-------------------------------

=========================================================================
*                            Design Summary                             *
=========================================================================

Top Level Output File Name         : TOP.ngc

Primitive and Black Box Usage:
------------------------------
# BELS                             : 176
#      GND                         : 1
#      INV                         : 12
#      LUT1                        : 42
#      LUT2                        : 6
#      LUT3                        : 6
#      LUT5                        : 6
#      LUT6                        : 12
#      MUXCY                       : 42
#      VCC                         : 1
#      XORCY                       : 48
# FlipFlops/Latches                : 102
#      FDR                         : 54
#      FDRE                        : 48
# Clock Buffers                    : 1
#      BUFGP                       : 1
# IO Buffers                       : 21
#      IBUF                        : 15
#      OBUF                        : 6

Device utilization summary:
---------------------------

Selected Device : 6slx16csg324-3n 


Slice Logic Utilization: 
 Number of Slice Registers:             102  out of  18224     0%  
 Number of Slice LUTs:                   84  out of   9112     0%  
    Number used as Logic:                84  out of   9112     0%  

Slice Logic Distribution: 
 Number of LUT Flip Flop pairs used:    105
   Number with an unused Flip Flop:       3  out of    105     2%  
   Number with an unused LUT:            21  out of    105    20%  
   Number of fully used LUT-FF pairs:    81  out of    105    77%  
   Number of unique control sets:        13

IO Utilization: 
 Number of IOs:                          22
 Number of bonded IOBs:                  22  out of    232     9%  

Specific Feature Utilization:
 Number of BUFG/BUFGCTRL/BUFHCEs:         1  out of     16     6%  

---------------------------
Partition Resource Summary:
---------------------------

  No Partitions were found in this design.

---------------------------


=========================================================================
Timing Report

NOTE: THESE TIMING NUMBERS ARE ONLY A SYNTHESIS ESTIMATE.
      FOR ACCURATE TIMING INFORMATION PLEASE REFER TO THE TRACE REPORT
      GENERATED AFTER PLACE-and-ROUTE.

Clock Information:
------------------
-----------------------------------+------------------------+-------+
Clock Signal                       | Clock buffer(FF name)  | Load  |
-----------------------------------+------------------------+-------+
CLKin                              | BUFGP                  | 102   |
-----------------------------------+------------------------+-------+

Asynchronous Control Signals Information:
----------------------------------------
No asynchronous control signals found in this design

Timing Summary:
---------------
Speed Grade: -3

   Minimum period: 1.837ns (Maximum Frequency: 544.292MHz)
   Minimum input arrival time before clock: 4.375ns
   Maximum output required time after clock: 7.364ns
   Maximum combinational path delay: No path found

Timing Details:
---------------
All values displayed in nanoseconds (ns)

=========================================================================
Timing constraint: Default period analysis for Clock 'CLKin'
  Clock period: 1.837ns (frequency: 544.292MHz)
  Total number of paths / destination ports: 216 / 48
-------------------------------------------------------------------------
Delay:               1.837ns (Levels of Logic = 9)
  Source:            PWM_x[4].p/count_0 (FF)
  Destination:       PWM_x[4].p/count_7 (FF)
  Source Clock:      CLKin rising
  Destination Clock: CLKin rising

  Data Path: PWM_x[4].p/count_0 to PWM_x[4].p/count_7
                                Gate     Net
    Cell:in->out      fanout   Delay   Delay  Logical Name (Net Name)
    ----------------------------------------  ------------
     FDR:C->Q              2   0.447   0.616  PWM_x[4].p/count_0 (PWM_x[4].p/count_0)
     INV:I->O              1   0.206   0.000  PWM_x[4].p/Mcount_count_lut<0>_INV_0 (PWM_x[4].p/Mcount_count_lut<0>)
     MUXCY:S->O            1   0.172   0.000  PWM_x[4].p/Mcount_count_cy<0> (PWM_x[4].p/Mcount_count_cy<0>)
     MUXCY:CI->O           1   0.019   0.000  PWM_x[4].p/Mcount_count_cy<1> (PWM_x[4].p/Mcount_count_cy<1>)
     MUXCY:CI->O           1   0.019   0.000  PWM_x[4].p/Mcount_count_cy<2> (PWM_x[4].p/Mcount_count_cy<2>)
     MUXCY:CI->O           1   0.019   0.000  PWM_x[4].p/Mcount_count_cy<3> (PWM_x[4].p/Mcount_count_cy<3>)
     MUXCY:CI->O           1   0.019   0.000  PWM_x[4].p/Mcount_count_cy<4> (PWM_x[4].p/Mcount_count_cy<4>)
     MUXCY:CI->O           1   0.019   0.000  PWM_x[4].p/Mcount_count_cy<5> (PWM_x[4].p/Mcount_count_cy<5>)
     MUXCY:CI->O           0   0.019   0.000  PWM_x[4].p/Mcount_count_cy<6> (PWM_x[4].p/Mcount_count_cy<6>)
     XORCY:CI->O           1   0.180   0.000  PWM_x[4].p/Mcount_count_xor<7> (Result<7>)
     FDR:D                     0.102          PWM_x[4].p/count_7
    ----------------------------------------
    Total                      1.837ns (1.221ns logic, 0.616ns route)
                                       (66.5% logic, 33.5% route)

=========================================================================
Timing constraint: Default OFFSET IN BEFORE for Clock 'CLKin'
  Total number of paths / destination ports: 252 / 204
-------------------------------------------------------------------------
Offset:              4.375ns (Levels of Logic = 2)
  Source:            RSTin (PAD)
  Destination:       PWM_x[4].p/count_1 (FF)
  Destination Clock: CLKin rising

  Data Path: RSTin to PWM_x[4].p/count_1
                                Gate     Net
    Cell:in->out      fanout   Delay   Delay  Logical Name (Net Name)
    ----------------------------------------  ------------
     IBUF:I->O            60   1.222   1.718  RSTin_IBUF (RSTin_IBUF)
     LUT2:I0->O            8   0.203   0.802  PWM_x[4].p/Mcount_count_val1 (PWM_x[4].p/Mcount_count_val)
     FDR:R                     0.430          PWM_x[4].p/count_0
    ----------------------------------------
    Total                      4.375ns (1.855ns logic, 2.520ns route)
                                       (42.4% logic, 57.6% route)

=========================================================================
Timing constraint: Default OFFSET OUT AFTER for Clock 'CLKin'
  Total number of paths / destination ports: 102 / 6
-------------------------------------------------------------------------
Offset:              7.364ns (Levels of Logic = 5)
  Source:            PWM_x[5].p/count_2 (FF)
  Destination:       PWM_Outputs<5> (PAD)
  Source Clock:      CLKin rising

  Data Path: PWM_x[5].p/count_2 to PWM_Outputs<5>
                                Gate     Net
    Cell:in->out      fanout   Delay   Delay  Logical Name (Net Name)
    ----------------------------------------  ------------
     FDR:C->Q              2   0.447   0.981  PWM_x[5].p/count_2 (PWM_x[5].p/count_2)
     LUT6:I0->O            1   0.203   0.580  PWM_x[5].p/count[7]_max_pwm[7]_LessThan_8_o2 (PWM_x[5].p/count[7]_max_pwm[7]_LessThan_8_o1)
     LUT3:I2->O            1   0.205   0.580  PWM_x[5].p/count[7]_max_pwm[7]_LessThan_8_o1_SW2 (N36)
     LUT5:I4->O            1   0.205   0.808  PWM_x[5].p/count[7]_max_pwm[7]_LessThan_8_o1 (PWM_x[5].p/count[7]_max_pwm[7]_LessThan_8_o2)
     LUT6:I3->O            1   0.205   0.579  PWM_x[5].p/PWM_Out1 (PWM_Outputs_5_OBUF)
     OBUF:I->O                 2.571          PWM_Outputs_5_OBUF (PWM_Outputs<5>)
    ----------------------------------------
    Total                      7.364ns (3.836ns logic, 3.528ns route)
                                       (52.1% logic, 47.9% route)

=========================================================================

Cross Clock Domains Report:
--------------------------

Clock to Setup on destination clock CLKin
---------------+---------+---------+---------+---------+
               | Src:Rise| Src:Fall| Src:Rise| Src:Fall|
Source Clock   |Dest:Rise|Dest:Rise|Dest:Fall|Dest:Fall|
---------------+---------+---------+---------+---------+
CLKin          |    1.837|         |         |         |
---------------+---------+---------+---------+---------+

=========================================================================


Total REAL time to Xst completion: 5.00 secs
Total CPU time to Xst completion: 5.43 secs
 
--> 

Total memory usage is 185604 kilobytes

Number of errors   :    0 (   0 filtered)
Number of warnings :    0 (   0 filtered)
Number of infos    :    0 (   0 filtered)

