Running: C:\Xilinx\14.5\ISE_DS\ISE\bin\nt\unwrapped\fuse.exe -intstyle ise -incremental -lib secureip -o C:/Users/Ivan/Desktop/fpgaE6Review/Practica8/CMT_TB_isim_beh.exe -prj C:/Users/Ivan/Desktop/fpgaE6Review/Practica8/CMT_TB_beh.prj work.CMT_TB 
ISim P.58f (signature 0x8ef4fb42)
Number of CPUs detected in this system: 4
Turning on mult-threading, number of parallel sub-compilation jobs: 8 
Determining compilation order of HDL files
Parsing VHDL file "C:/Users/Ivan/Desktop/fpgaE6Review/Practica8/ipcore_dir/ipCore_DCM.vhd" into library work
Parsing VHDL file "C:/Users/Ivan/Desktop/fpgaE6Review/Practica8/ipcore_dir/ipCore_DCM/example_design/ipCore_DCM_exdes.vhd" into library work
Parsing VHDL file "C:/Users/Ivan/Desktop/fpgaE6Review/Practica8/DCMcontroller.vhd" into library work
Parsing VHDL file "C:/Users/Ivan/Desktop/fpgaE6Review/Practica8/CMT_TB.vhd" into library work
Starting static elaboration
Completed static elaboration
Fuse Memory Usage: 116308 KB
Fuse CPU Usage: 467 ms
Compiling package standard
Compiling package std_logic_1164
Compiling package std_logic_arith
Compiling package std_logic_unsigned
Compiling package numeric_std
Compiling package vcomponents
Compiling package std_logic_signed
Compiling package textio
Compiling package vital_timing
Compiling package vital_primitives
Compiling package vpkg
Compiling architecture ibufg_v of entity IBUFG [\IBUFG("DONT_CARE","0",true,"DEF...]
Compiling architecture pll_adv_v of entity PLL_ADV [\PLL_ADV("OPTIMIZED","CLKFBOUT",...]
Compiling architecture pll_base_v of entity PLL_BASE [\PLL_BASE("OPTIMIZED",41,0.0,10....]
Compiling architecture bufg_v of entity BUFG [bufg_default]
Compiling architecture xilinx of entity ipCore_DCM [ipcore_dcm_default]
Compiling architecture behavioral of entity DCMcontroller [dcmcontroller_default]
Compiling architecture behavior of entity cmt_tb
Time Resolution for simulation is 1ps.
Waiting for 6 sub-compilation(s) to finish...
Compiled 24 VHDL Units
Built simulation executable C:/Users/Ivan/Desktop/fpgaE6Review/Practica8/CMT_TB_isim_beh.exe
Fuse Memory Usage: 152512 KB
Fuse CPU Usage: 997 ms
