Command line:
   PWM_TB_isim_beh.exe
     -simmode  gui
     -simrunnum  0
     -socket  46286

Sat Feb 22 17:54:23 2014


 Elaboration Time: 0.0312 sec

 Current Memory Usage: 652.464 Meg

 Total Signals          : 13
 Total Nets             : 22
 Total Signal Drivers   : 8
 Total Blocks           : 4
 Total Primitive Blocks : 3
 Total Processes        : 4
 Total Traceable Variables  : 15
 Total Scalar Nets and Variables : 507
Total Line Count : 39

 Total Simulation Time: 0.889205 sec

 Current Memory Usage: 967.037 Meg

Sat Feb 22 17:55:08 2014

