Release 14.5 Map P.58f (nt)
Xilinx Mapping Report File for Design 'counter'

Design Information
------------------
Command Line   : map -intstyle ise -p xc6slx16-csg324-3N -w -logic_opt off -ol
high -t 1 -xt 0 -register_duplication off -r 4 -global_opt off -mt off -ir off
-pr off -lc off -power off -o counter_map.ncd counter.ngd counter.pcf 
Target Device  : xc6slx16
Target Package : csg324
Target Speed   : -3n
Mapper Version : spartan6 -- $Revision: 1.55 $
Mapped Date    : Sat Feb 22 17:01:09 2014

Design Summary
--------------
Number of errors   :   1
Number of warnings :   0

Section 1 - Errors
------------------
ERROR:Security:9c - No 'ISE' nor 'WebPack' feature version 2013.03 was available
for part 'xc6slx16'.
ERROR:Map:258 - A problem was encountered attempting to get the license for this
   architecture. 

Section 2 - Warnings
--------------------

Section 3 - Informational
-------------------------
INFO:Security:54 - 'xc6slx16' is a WebPack part.
INFO:Security:60 - The XILINXD_LICENSE_FILE environment variable is set to
'C:\.xilinx\Xilinx.lic'.
INFO:Security:62 - The LM_LICENSE_FILE environment variable is set to
'C:\.xilinx\Xilinx.lic'.
INFO:Security:68 - For more information or for assistance in obtaining 
INFO:Security:68a - user is Ivan, on host TTLTURBONETT.
