ISim log file
Running: C:\Users\Ivan\Documents\GitHub\Electronica-6\Practica3\counter_TB_isim_beh.exe -intstyle ise -gui -tclbatch isim.cmd -wdb C:/Users/Ivan/Documents/GitHub/Electronica-6/Practica3/counter_TB_isim_beh.wdb 
ISim P.58f (signature 0x7708f090)
This is a Full version of ISim.
Time resolution is 1 ps
# onerror resume
# wave add /
# run 1000 ns
Simulator is doing circuit initialization process.
Finished circuit initialization process.
# run 1.00us
# run 1.00us
at 2655 ns(2), Instance /counter_tb/uut/ : Warning: NUMERIC_STD.TO_UNSIGNED: vector truncated
at 2665 ns(2), Instance /counter_tb/uut/ : Warning: NUMERIC_STD.TO_UNSIGNED: vector truncated
at 2675 ns(2), Instance /counter_tb/uut/ : Warning: NUMERIC_STD.TO_UNSIGNED: vector truncated
at 2685 ns(2), Instance /counter_tb/uut/ : Warning: NUMERIC_STD.TO_UNSIGNED: vector truncated
at 2695 ns(2), Instance /counter_tb/uut/ : Warning: NUMERIC_STD.TO_UNSIGNED: vector truncated
at 2705 ns(2), Instance /counter_tb/uut/ : Warning: NUMERIC_STD.TO_UNSIGNED: vector truncated
at 2715 ns(2), Instance /counter_tb/uut/ : Warning: NUMERIC_STD.TO_UNSIGNED: vector truncated
at 2725 ns(2), Instance /counter_tb/uut/ : Warning: NUMERIC_STD.TO_UNSIGNED: vector truncated
at 2735 ns(2), Instance /counter_tb/uut/ : Warning: NUMERIC_STD.TO_UNSIGNED: vector truncated
at 2745 ns(2), Instance /counter_tb/uut/ : Warning: NUMERIC_STD.TO_UNSIGNED: vector truncated
at 2755 ns(2), Instance /counter_tb/uut/ : Warning: NUMERIC_STD.TO_UNSIGNED: vector truncated
at 2765 ns(2), Instance /counter_tb/uut/ : Warning: NUMERIC_STD.TO_UNSIGNED: vector truncated
at 2775 ns(2), Instance /counter_tb/uut/ : Warning: NUMERIC_STD.TO_UNSIGNED: vector truncated
at 2785 ns(2), Instance /counter_tb/uut/ : Warning: NUMERIC_STD.TO_UNSIGNED: vector truncated
at 2795 ns(2), Instance /counter_tb/uut/ : Warning: NUMERIC_STD.TO_UNSIGNED: vector truncated
at 2805 ns(2), Instance /counter_tb/uut/ : Warning: NUMERIC_STD.TO_UNSIGNED: vector truncated
at 2815 ns(2), Instance /counter_tb/uut/ : Warning: NUMERIC_STD.TO_UNSIGNED: vector truncated
at 2825 ns(2), Instance /counter_tb/uut/ : Warning: NUMERIC_STD.TO_UNSIGNED: vector truncated
at 2835 ns(2), Instance /counter_tb/uut/ : Warning: NUMERIC_STD.TO_UNSIGNED: vector truncated
at 2845 ns(2), Instance /counter_tb/uut/ : Warning: NUMERIC_STD.TO_UNSIGNED: vector truncated
at 2855 ns(2), Instance /counter_tb/uut/ : Warning: NUMERIC_STD.TO_UNSIGNED: vector truncated
at 2865 ns(2), Instance /counter_tb/uut/ : Warning: NUMERIC_STD.TO_UNSIGNED: vector truncated
at 2875 ns(2), Instance /counter_tb/uut/ : Warning: NUMERIC_STD.TO_UNSIGNED: vector truncated
at 2885 ns(2), Instance /counter_tb/uut/ : Warning: NUMERIC_STD.TO_UNSIGNED: vector truncated
at 2895 ns(2), Instance /counter_tb/uut/ : Warning: NUMERIC_STD.TO_UNSIGNED: vector truncated
at 2905 ns(2), Instance /counter_tb/uut/ : Warning: NUMERIC_STD.TO_UNSIGNED: vector truncated
at 2915 ns(2), Instance /counter_tb/uut/ : Warning: NUMERIC_STD.TO_UNSIGNED: vector truncated
at 2925 ns(2), Instance /counter_tb/uut/ : Warning: NUMERIC_STD.TO_UNSIGNED: vector truncated
at 2935 ns(2), Instance /counter_tb/uut/ : Warning: NUMERIC_STD.TO_UNSIGNED: vector truncated
at 2945 ns(2), Instance /counter_tb/uut/ : Warning: NUMERIC_STD.TO_UNSIGNED: vector truncated
at 2955 ns(2), Instance /counter_tb/uut/ : Warning: NUMERIC_STD.TO_UNSIGNED: vector truncated
at 2965 ns(2), Instance /counter_tb/uut/ : Warning: NUMERIC_STD.TO_UNSIGNED: vector truncated
at 2975 ns(2), Instance /counter_tb/uut/ : Warning: NUMERIC_STD.TO_UNSIGNED: vector truncated
at 2985 ns(2), Instance /counter_tb/uut/ : Warning: NUMERIC_STD.TO_UNSIGNED: vector truncated
at 2995 ns(2), Instance /counter_tb/uut/ : Warning: NUMERIC_STD.TO_UNSIGNED: vector truncated
ISim P.58f (signature 0x7708f090)
This is a Full version of ISim.
# run 1000 ns
Simulator is doing circuit initialization process.
at 0 ps, Instance /counter_tb/uut/ : Warning: NUMERIC_STD.TO_UNSIGNED: vector truncated
Finished circuit initialization process.
# run 1.00us
# run 1.00us
at 2655 ns(2), Instance /counter_tb/uut/ : Warning: NUMERIC_STD.TO_UNSIGNED: vector truncated
at 2665 ns(2), Instance /counter_tb/uut/ : Warning: NUMERIC_STD.TO_UNSIGNED: vector truncated
at 2675 ns(2), Instance /counter_tb/uut/ : Warning: NUMERIC_STD.TO_UNSIGNED: vector truncated
at 2685 ns(2), Instance /counter_tb/uut/ : Warning: NUMERIC_STD.TO_UNSIGNED: vector truncated
at 2695 ns(2), Instance /counter_tb/uut/ : Warning: NUMERIC_STD.TO_UNSIGNED: vector truncated
at 2705 ns(2), Instance /counter_tb/uut/ : Warning: NUMERIC_STD.TO_UNSIGNED: vector truncated
at 2715 ns(2), Instance /counter_tb/uut/ : Warning: NUMERIC_STD.TO_UNSIGNED: vector truncated
at 2725 ns(2), Instance /counter_tb/uut/ : Warning: NUMERIC_STD.TO_UNSIGNED: vector truncated
at 2735 ns(2), Instance /counter_tb/uut/ : Warning: NUMERIC_STD.TO_UNSIGNED: vector truncated
at 2745 ns(2), Instance /counter_tb/uut/ : Warning: NUMERIC_STD.TO_UNSIGNED: vector truncated
at 2755 ns(2), Instance /counter_tb/uut/ : Warning: NUMERIC_STD.TO_UNSIGNED: vector truncated
at 2765 ns(2), Instance /counter_tb/uut/ : Warning: NUMERIC_STD.TO_UNSIGNED: vector truncated
at 2775 ns(2), Instance /counter_tb/uut/ : Warning: NUMERIC_STD.TO_UNSIGNED: vector truncated
at 2785 ns(2), Instance /counter_tb/uut/ : Warning: NUMERIC_STD.TO_UNSIGNED: vector truncated
at 2795 ns(2), Instance /counter_tb/uut/ : Warning: NUMERIC_STD.TO_UNSIGNED: vector truncated
at 2805 ns(2), Instance /counter_tb/uut/ : Warning: NUMERIC_STD.TO_UNSIGNED: vector truncated
at 2815 ns(2), Instance /counter_tb/uut/ : Warning: NUMERIC_STD.TO_UNSIGNED: vector truncated
at 2825 ns(2), Instance /counter_tb/uut/ : Warning: NUMERIC_STD.TO_UNSIGNED: vector truncated
at 2835 ns(2), Instance /counter_tb/uut/ : Warning: NUMERIC_STD.TO_UNSIGNED: vector truncated
at 2845 ns(2), Instance /counter_tb/uut/ : Warning: NUMERIC_STD.TO_UNSIGNED: vector truncated
at 2855 ns(2), Instance /counter_tb/uut/ : Warning: NUMERIC_STD.TO_UNSIGNED: vector truncated
at 2865 ns(2), Instance /counter_tb/uut/ : Warning: NUMERIC_STD.TO_UNSIGNED: vector truncated
at 2875 ns(2), Instance /counter_tb/uut/ : Warning: NUMERIC_STD.TO_UNSIGNED: vector truncated
at 2885 ns(2), Instance /counter_tb/uut/ : Warning: NUMERIC_STD.TO_UNSIGNED: vector truncated
at 2895 ns(2), Instance /counter_tb/uut/ : Warning: NUMERIC_STD.TO_UNSIGNED: vector truncated
at 2905 ns(2), Instance /counter_tb/uut/ : Warning: NUMERIC_STD.TO_UNSIGNED: vector truncated
at 2915 ns(2), Instance /counter_tb/uut/ : Warning: NUMERIC_STD.TO_UNSIGNED: vector truncated
at 2925 ns(2), Instance /counter_tb/uut/ : Warning: NUMERIC_STD.TO_UNSIGNED: vector truncated
at 2935 ns(2), Instance /counter_tb/uut/ : Warning: NUMERIC_STD.TO_UNSIGNED: vector truncated
at 2945 ns(2), Instance /counter_tb/uut/ : Warning: NUMERIC_STD.TO_UNSIGNED: vector truncated
at 2955 ns(2), Instance /counter_tb/uut/ : Warning: NUMERIC_STD.TO_UNSIGNED: vector truncated
at 2965 ns(2), Instance /counter_tb/uut/ : Warning: NUMERIC_STD.TO_UNSIGNED: vector truncated
at 2975 ns(2), Instance /counter_tb/uut/ : Warning: NUMERIC_STD.TO_UNSIGNED: vector truncated
at 2985 ns(2), Instance /counter_tb/uut/ : Warning: NUMERIC_STD.TO_UNSIGNED: vector truncated
at 2995 ns(2), Instance /counter_tb/uut/ : Warning: NUMERIC_STD.TO_UNSIGNED: vector truncated
ISim P.58f (signature 0x7708f090)
This is a Full version of ISim.
# run 1000 ns
Simulator is doing circuit initialization process.
Finished circuit initialization process.
# run 1.00us
# run 1.00us
at 2655 ns(2), Instance /counter_tb/uut/ : Warning: NUMERIC_STD.TO_UNSIGNED: vector truncated
at 2665 ns(2), Instance /counter_tb/uut/ : Warning: NUMERIC_STD.TO_UNSIGNED: vector truncated
at 2675 ns(2), Instance /counter_tb/uut/ : Warning: NUMERIC_STD.TO_UNSIGNED: vector truncated
at 2685 ns(2), Instance /counter_tb/uut/ : Warning: NUMERIC_STD.TO_UNSIGNED: vector truncated
at 2695 ns(2), Instance /counter_tb/uut/ : Warning: NUMERIC_STD.TO_UNSIGNED: vector truncated
at 2705 ns(2), Instance /counter_tb/uut/ : Warning: NUMERIC_STD.TO_UNSIGNED: vector truncated
at 2715 ns(2), Instance /counter_tb/uut/ : Warning: NUMERIC_STD.TO_UNSIGNED: vector truncated
at 2725 ns(2), Instance /counter_tb/uut/ : Warning: NUMERIC_STD.TO_UNSIGNED: vector truncated
at 2735 ns(2), Instance /counter_tb/uut/ : Warning: NUMERIC_STD.TO_UNSIGNED: vector truncated
at 2745 ns(2), Instance /counter_tb/uut/ : Warning: NUMERIC_STD.TO_UNSIGNED: vector truncated
at 2755 ns(2), Instance /counter_tb/uut/ : Warning: NUMERIC_STD.TO_UNSIGNED: vector truncated
at 2765 ns(2), Instance /counter_tb/uut/ : Warning: NUMERIC_STD.TO_UNSIGNED: vector truncated
at 2775 ns(2), Instance /counter_tb/uut/ : Warning: NUMERIC_STD.TO_UNSIGNED: vector truncated
at 2785 ns(2), Instance /counter_tb/uut/ : Warning: NUMERIC_STD.TO_UNSIGNED: vector truncated
at 2795 ns(2), Instance /counter_tb/uut/ : Warning: NUMERIC_STD.TO_UNSIGNED: vector truncated
at 2805 ns(2), Instance /counter_tb/uut/ : Warning: NUMERIC_STD.TO_UNSIGNED: vector truncated
at 2815 ns(2), Instance /counter_tb/uut/ : Warning: NUMERIC_STD.TO_UNSIGNED: vector truncated
at 2825 ns(2), Instance /counter_tb/uut/ : Warning: NUMERIC_STD.TO_UNSIGNED: vector truncated
at 2835 ns(2), Instance /counter_tb/uut/ : Warning: NUMERIC_STD.TO_UNSIGNED: vector truncated
at 2845 ns(2), Instance /counter_tb/uut/ : Warning: NUMERIC_STD.TO_UNSIGNED: vector truncated
at 2855 ns(2), Instance /counter_tb/uut/ : Warning: NUMERIC_STD.TO_UNSIGNED: vector truncated
at 2865 ns(2), Instance /counter_tb/uut/ : Warning: NUMERIC_STD.TO_UNSIGNED: vector truncated
at 2875 ns(2), Instance /counter_tb/uut/ : Warning: NUMERIC_STD.TO_UNSIGNED: vector truncated
at 2885 ns(2), Instance /counter_tb/uut/ : Warning: NUMERIC_STD.TO_UNSIGNED: vector truncated
at 2895 ns(2), Instance /counter_tb/uut/ : Warning: NUMERIC_STD.TO_UNSIGNED: vector truncated
at 2905 ns(2), Instance /counter_tb/uut/ : Warning: NUMERIC_STD.TO_UNSIGNED: vector truncated
at 2915 ns(2), Instance /counter_tb/uut/ : Warning: NUMERIC_STD.TO_UNSIGNED: vector truncated
at 2925 ns(2), Instance /counter_tb/uut/ : Warning: NUMERIC_STD.TO_UNSIGNED: vector truncated
at 2935 ns(2), Instance /counter_tb/uut/ : Warning: NUMERIC_STD.TO_UNSIGNED: vector truncated
at 2945 ns(2), Instance /counter_tb/uut/ : Warning: NUMERIC_STD.TO_UNSIGNED: vector truncated
at 2955 ns(2), Instance /counter_tb/uut/ : Warning: NUMERIC_STD.TO_UNSIGNED: vector truncated
at 2965 ns(2), Instance /counter_tb/uut/ : Warning: NUMERIC_STD.TO_UNSIGNED: vector truncated
at 2975 ns(2), Instance /counter_tb/uut/ : Warning: NUMERIC_STD.TO_UNSIGNED: vector truncated
at 2985 ns(2), Instance /counter_tb/uut/ : Warning: NUMERIC_STD.TO_UNSIGNED: vector truncated
at 2995 ns(2), Instance /counter_tb/uut/ : Warning: NUMERIC_STD.TO_UNSIGNED: vector truncated
ISim P.58f (signature 0x7708f090)
This is a Full version of ISim.
# run 1000 ns
Simulator is doing circuit initialization process.
Finished circuit initialization process.
# run 1.00us
# run 1.00us
at 2655 ns(2), Instance /counter_tb/uut/ : Warning: NUMERIC_STD.TO_UNSIGNED: vector truncated
at 2665 ns(2), Instance /counter_tb/uut/ : Warning: NUMERIC_STD.TO_UNSIGNED: vector truncated
at 2675 ns(2), Instance /counter_tb/uut/ : Warning: NUMERIC_STD.TO_UNSIGNED: vector truncated
at 2685 ns(2), Instance /counter_tb/uut/ : Warning: NUMERIC_STD.TO_UNSIGNED: vector truncated
at 2695 ns(2), Instance /counter_tb/uut/ : Warning: NUMERIC_STD.TO_UNSIGNED: vector truncated
at 2705 ns(2), Instance /counter_tb/uut/ : Warning: NUMERIC_STD.TO_UNSIGNED: vector truncated
at 2715 ns(2), Instance /counter_tb/uut/ : Warning: NUMERIC_STD.TO_UNSIGNED: vector truncated
at 2725 ns(2), Instance /counter_tb/uut/ : Warning: NUMERIC_STD.TO_UNSIGNED: vector truncated
at 2735 ns(2), Instance /counter_tb/uut/ : Warning: NUMERIC_STD.TO_UNSIGNED: vector truncated
at 2745 ns(2), Instance /counter_tb/uut/ : Warning: NUMERIC_STD.TO_UNSIGNED: vector truncated
at 2755 ns(2), Instance /counter_tb/uut/ : Warning: NUMERIC_STD.TO_UNSIGNED: vector truncated
at 2765 ns(2), Instance /counter_tb/uut/ : Warning: NUMERIC_STD.TO_UNSIGNED: vector truncated
at 2775 ns(2), Instance /counter_tb/uut/ : Warning: NUMERIC_STD.TO_UNSIGNED: vector truncated
at 2785 ns(2), Instance /counter_tb/uut/ : Warning: NUMERIC_STD.TO_UNSIGNED: vector truncated
at 2795 ns(2), Instance /counter_tb/uut/ : Warning: NUMERIC_STD.TO_UNSIGNED: vector truncated
at 2805 ns(2), Instance /counter_tb/uut/ : Warning: NUMERIC_STD.TO_UNSIGNED: vector truncated
at 2815 ns(2), Instance /counter_tb/uut/ : Warning: NUMERIC_STD.TO_UNSIGNED: vector truncated
at 2825 ns(2), Instance /counter_tb/uut/ : Warning: NUMERIC_STD.TO_UNSIGNED: vector truncated
at 2835 ns(2), Instance /counter_tb/uut/ : Warning: NUMERIC_STD.TO_UNSIGNED: vector truncated
at 2845 ns(2), Instance /counter_tb/uut/ : Warning: NUMERIC_STD.TO_UNSIGNED: vector truncated
at 2855 ns(2), Instance /counter_tb/uut/ : Warning: NUMERIC_STD.TO_UNSIGNED: vector truncated
at 2865 ns(2), Instance /counter_tb/uut/ : Warning: NUMERIC_STD.TO_UNSIGNED: vector truncated
at 2875 ns(2), Instance /counter_tb/uut/ : Warning: NUMERIC_STD.TO_UNSIGNED: vector truncated
at 2885 ns(2), Instance /counter_tb/uut/ : Warning: NUMERIC_STD.TO_UNSIGNED: vector truncated
at 2895 ns(2), Instance /counter_tb/uut/ : Warning: NUMERIC_STD.TO_UNSIGNED: vector truncated
at 2905 ns(2), Instance /counter_tb/uut/ : Warning: NUMERIC_STD.TO_UNSIGNED: vector truncated
at 2915 ns(2), Instance /counter_tb/uut/ : Warning: NUMERIC_STD.TO_UNSIGNED: vector truncated
at 2925 ns(2), Instance /counter_tb/uut/ : Warning: NUMERIC_STD.TO_UNSIGNED: vector truncated
at 2935 ns(2), Instance /counter_tb/uut/ : Warning: NUMERIC_STD.TO_UNSIGNED: vector truncated
at 2945 ns(2), Instance /counter_tb/uut/ : Warning: NUMERIC_STD.TO_UNSIGNED: vector truncated
at 2955 ns(2), Instance /counter_tb/uut/ : Warning: NUMERIC_STD.TO_UNSIGNED: vector truncated
at 2965 ns(2), Instance /counter_tb/uut/ : Warning: NUMERIC_STD.TO_UNSIGNED: vector truncated
at 2975 ns(2), Instance /counter_tb/uut/ : Warning: NUMERIC_STD.TO_UNSIGNED: vector truncated
at 2985 ns(2), Instance /counter_tb/uut/ : Warning: NUMERIC_STD.TO_UNSIGNED: vector truncated
at 2995 ns(2), Instance /counter_tb/uut/ : Warning: NUMERIC_STD.TO_UNSIGNED: vector truncated
