--------------------------------------------------------------------------------
Release 14.5 Trace  (nt64)
Copyright (c) 1995-2012 Xilinx, Inc.  All rights reserved.

C:\Xilinx\14.5\ISE_DS\ISE\bin\nt64\unwrapped\trce.exe -intstyle ise -v 3 -s 3
-n 3 -fastpaths -xml Basys2UserDemo.twx Basys2UserDemo.ncd -o
Basys2UserDemo.twr Basys2UserDemo.pcf -ucf Nexys3_Master.ucf

Design file:              Basys2UserDemo.ncd
Physical constraint file: Basys2UserDemo.pcf
Device,package,speed:     xc6slx16,csg324,C,-3 (PRODUCTION 1.23 2013-03-26)
Report level:             verbose report

Environment Variable      Effect 
--------------------      ------ 
NONE                      No environment variables were set
--------------------------------------------------------------------------------

INFO:Timing:3412 - To improve timing, see the Timing Closure User Guide (UG612).
INFO:Timing:2752 - To get complete path coverage, use the unconstrained paths 
   option. All paths that are not constrained will be reported in the 
   unconstrained paths section(s) of the report.
INFO:Timing:3339 - The clock-to-out numbers in this timing report are based on 
   a 50 Ohm transmission line loading model.  For the details of this model, 
   and for more information on accounting for different loading conditions, 
   please see the device datasheet.

================================================================================
Timing constraint: TS_sys_clk_pin = PERIOD TIMEGRP "sys_clk_pin" 100 MHz HIGH 
50%;
For more information, see Period Analysis in the Timing Closure User Guide (UG612).

 1 path analyzed, 1 endpoint analyzed, 0 failing endpoints
 0 timing errors detected. (0 setup errors, 0 hold errors, 0 component switching limit errors)
 Minimum period is   1.730ns.
--------------------------------------------------------------------------------

Paths for end point DispCtrlInst/ck50MHz (SLICE_X18Y30.SR), 1 path
--------------------------------------------------------------------------------
Slack (setup path):     8.771ns (requirement - (data path - clock path skew + uncertainty))
  Source:               DispCtrlInst/ck50MHz (FF)
  Destination:          DispCtrlInst/ck50MHz (FF)
  Requirement:          10.000ns
  Data Path Delay:      1.194ns (Levels of Logic = 0)
  Clock Path Skew:      0.000ns
  Source Clock:         mclk_BUFGP rising at 0.000ns
  Destination Clock:    mclk_BUFGP rising at 10.000ns
  Clock Uncertainty:    0.035ns

  Clock Uncertainty:          0.035ns  ((TSJ^2 + TIJ^2)^1/2 + DJ) / 2 + PE
    Total System Jitter (TSJ):  0.070ns
    Total Input Jitter (TIJ):   0.000ns
    Discrete Jitter (DJ):       0.000ns
    Phase Error (PE):           0.000ns

  Maximum Data Path at Slow Process Corner: DispCtrlInst/ck50MHz to DispCtrlInst/ck50MHz
    Location             Delay type         Delay(ns)  Physical Resource
                                                       Logical Resource(s)
    -------------------------------------------------  -------------------
    SLICE_X18Y30.DQ      Tcko                  0.447   DispCtrlInst/ck50MHz
                                                       DispCtrlInst/ck50MHz
    SLICE_X18Y30.SR      net (fanout=2)        0.308   DispCtrlInst/ck50MHz
    SLICE_X18Y30.CLK     Tsrck                 0.439   DispCtrlInst/ck50MHz
                                                       DispCtrlInst/ck50MHz
    -------------------------------------------------  ---------------------------
    Total                                      1.194ns (0.886ns logic, 0.308ns route)
                                                       (74.2% logic, 25.8% route)

--------------------------------------------------------------------------------

Hold Paths: TS_sys_clk_pin = PERIOD TIMEGRP "sys_clk_pin" 100 MHz HIGH 50%;
--------------------------------------------------------------------------------

Paths for end point DispCtrlInst/ck50MHz (SLICE_X18Y30.SR), 1 path
--------------------------------------------------------------------------------
Slack (hold path):      0.430ns (requirement - (clock path skew + uncertainty - data path))
  Source:               DispCtrlInst/ck50MHz (FF)
  Destination:          DispCtrlInst/ck50MHz (FF)
  Requirement:          0.000ns
  Data Path Delay:      0.430ns (Levels of Logic = 0)
  Clock Path Skew:      0.000ns
  Source Clock:         mclk_BUFGP rising at 10.000ns
  Destination Clock:    mclk_BUFGP rising at 10.000ns
  Clock Uncertainty:    0.000ns

  Minimum Data Path at Fast Process Corner: DispCtrlInst/ck50MHz to DispCtrlInst/ck50MHz
    Location             Delay type         Delay(ns)  Physical Resource
                                                       Logical Resource(s)
    -------------------------------------------------  -------------------
    SLICE_X18Y30.DQ      Tcko                  0.234   DispCtrlInst/ck50MHz
                                                       DispCtrlInst/ck50MHz
    SLICE_X18Y30.SR      net (fanout=2)        0.169   DispCtrlInst/ck50MHz
    SLICE_X18Y30.CLK     Tcksr       (-Th)    -0.027   DispCtrlInst/ck50MHz
                                                       DispCtrlInst/ck50MHz
    -------------------------------------------------  ---------------------------
    Total                                      0.430ns (0.261ns logic, 0.169ns route)
                                                       (60.7% logic, 39.3% route)

--------------------------------------------------------------------------------

Component Switching Limit Checks: TS_sys_clk_pin = PERIOD TIMEGRP "sys_clk_pin" 100 MHz HIGH 50%;
--------------------------------------------------------------------------------
Slack: 8.270ns (period - min period limit)
  Period: 10.000ns
  Min period limit: 1.730ns (578.035MHz) (Tbcper_I)
  Physical resource: mclk_BUFGP/BUFG/I0
  Logical resource: mclk_BUFGP/BUFG/I0
  Location pin: BUFGMUX_X3Y13.I0
  Clock network: mclk_BUFGP/IBUFG
--------------------------------------------------------------------------------
Slack: 9.595ns (period - min period limit)
  Period: 10.000ns
  Min period limit: 0.405ns (2469.136MHz) (Tcp)
  Physical resource: DispCtrlInst/ck50MHz/CLK
  Logical resource: DispCtrlInst/ck50MHz/CK
  Location pin: SLICE_X18Y30.CLK
  Clock network: mclk_BUFGP
--------------------------------------------------------------------------------


All constraints were met.


Data Sheet report:
-----------------
All values displayed in nanoseconds (ns)

Clock to Setup on destination clock mclk
---------------+---------+---------+---------+---------+
               | Src:Rise| Src:Fall| Src:Rise| Src:Fall|
Source Clock   |Dest:Rise|Dest:Rise|Dest:Fall|Dest:Fall|
---------------+---------+---------+---------+---------+
mclk           |    1.229|         |         |         |
---------------+---------+---------+---------+---------+


Timing summary:
---------------

Timing errors: 0  Score: 0  (Setup/Max: 0, Hold: 0)

Constraints cover 1 paths, 0 nets, and 3 connections

Design statistics:
   Minimum period:   1.730ns{1}   (Maximum frequency: 578.035MHz)


------------------------------------Footnotes-----------------------------------
1)  The minimum period statistic assumes all single cycle delays.

Analysis completed Tue Oct 14 17:22:37 2014 
--------------------------------------------------------------------------------

Trace Settings:
-------------------------
Trace Settings 

Peak Memory Usage: 221 MB



