Command line:
   CMT_TB_isim_beh.exe
     -simmode  gui
     -simrunnum  0
     -socket  30155

Sat Feb 22 22:16:03 2014


 Elaboration Time: 0.0624 sec

 Current Memory Usage: 652.657 Meg

 Total Signals          : 394
 Total Nets             : 1113
 Total Signal Drivers   : 258
 Total Blocks           : 19
 Total Primitive Blocks : 15
 Total Processes        : 123
 Total Traceable Variables  : 218
 Total Scalar Nets and Variables : 6029
Total Line Count : 1606

 Total Simulation Time: 3.57242 sec

 Current Memory Usage: 967.229 Meg

Sat Feb 22 22:16:53 2014

