INFO:sim:172 - Generating IP...
Resolving generics for 'sqrt'...
Applying external generics to 'sqrt'...
Delivering associated files for 'sqrt'...
Generating implementation netlist for 'sqrt'...
INFO:sim - Pre-processing HDL files for 'sqrt'...
Running synthesis for 'sqrt'
Running ngcbuild...
Writing VHO instantiation template for 'sqrt'...
Writing VHDL behavioral simulation model for 'sqrt'...
Delivered 2 files into directory
C:/Users/Ivan/Documents/GitHub/Electronica-6/Practica8_FFT/ipcore_dir/tmp/_cg/sq
rt
Generating ASY schematic symbol...
INFO:sim:949 - Finished generation of ASY schematic symbol.
Generating SYM schematic symbol for 'sqrt'...
Generating metadata file...
Generating ISE project...
XCO file found: sqrt.xco
XMDF file found: sqrt_xmdf.tcl
Adding
C:/Users/Ivan/Documents/GitHub/Electronica-6/Practica8_FFT/ipcore_dir/tmp/_cg/sq
rt.asy -view all -origin_type imported
Adding
C:/Users/Ivan/Documents/GitHub/Electronica-6/Practica8_FFT/ipcore_dir/tmp/_cg/sq
rt.ngc -view all -origin_type created
Checking file
"C:/Users/Ivan/Documents/GitHub/Electronica-6/Practica8_FFT/ipcore_dir/tmp/_cg/s
qrt.ngc" for project device match ...
File
"C:/Users/Ivan/Documents/GitHub/Electronica-6/Practica8_FFT/ipcore_dir/tmp/_cg/s
qrt.ngc" device information matches project device.
Adding
C:/Users/Ivan/Documents/GitHub/Electronica-6/Practica8_FFT/ipcore_dir/tmp/_cg/sq
rt.sym -view all -origin_type imported
Adding
C:/Users/Ivan/Documents/GitHub/Electronica-6/Practica8_FFT/ipcore_dir/tmp/_cg/sq
rt.vhd -view all -origin_type created
INFO:HDLCompiler:1061 - Parsing VHDL file
   "C:/Users/Ivan/Documents/GitHub/Electronica-6/Practica8_FFT/ipcore_dir/tmp/_c
   g/sqrt.vhd" into library work
INFO:ProjectMgmt - Parsing design hierarchy completed successfully.
Adding
C:/Users/Ivan/Documents/GitHub/Electronica-6/Practica8_FFT/ipcore_dir/tmp/_cg/sq
rt.vho -view all -origin_type imported
INFO:TclTasksC:2116 - The automatic calculation of top has been turned-off.
   Please set the new top explicitly by running the "project set top" command.
   To re-calculate the new top automatically, set the "Auto Implementation Top"
   property to true.
Top level has been set to "/sqrt"
Generating README file...
Generating FLIST file...
INFO:sim:948 - Finished FLIST file generation.
Launching README viewer...
Moving files to output directory...
Finished moving files to output directory
Wrote CGP file for project 'sqrt'.
