Release 14.5 - xst P.58f (nt)
Copyright (c) 1995-2012 Xilinx, Inc.  All rights reserved.
--> Parameter TMPDIR set to xst/projnav.tmp


Total REAL time to Xst completion: 1.00 secs
Total CPU time to Xst completion: 0.16 secs
 
--> Parameter xsthdpdir set to xst


Total REAL time to Xst completion: 1.00 secs
Total CPU time to Xst completion: 0.16 secs
 
--> Reading design: Semaforo.prj

TABLE OF CONTENTS
  1) Synthesis Options Summary
  2) HDL Parsing
  3) HDL Elaboration
  4) HDL Synthesis
       4.1) HDL Synthesis Report
  5) Advanced HDL Synthesis
       5.1) Advanced HDL Synthesis Report
  6) Low Level Synthesis
  7) Partition Report
  8) Design Summary
       8.1) Primitive and Black Box Usage
       8.2) Device utilization summary
       8.3) Partition Resource Summary
       8.4) Timing Report
            8.4.1) Clock Information
            8.4.2) Asynchronous Control Signals Information
            8.4.3) Timing Summary
            8.4.4) Timing Details
            8.4.5) Cross Clock Domains Report


=========================================================================
*                      Synthesis Options Summary                        *
=========================================================================
---- Source Parameters
Input File Name                    : "Semaforo.prj"
Ignore Synthesis Constraint File   : NO

---- Target Parameters
Output File Name                   : "Semaforo"
Output Format                      : NGC
Target Device                      : xc6slx16-3N-csg324

---- Source Options
Top Module Name                    : Semaforo
Automatic FSM Extraction           : YES
FSM Encoding Algorithm             : Auto
Safe Implementation                : No
FSM Style                          : LUT
RAM Extraction                     : Yes
RAM Style                          : Auto
ROM Extraction                     : Yes
Shift Register Extraction          : YES
ROM Style                          : Auto
Resource Sharing                   : YES
Asynchronous To Synchronous        : NO
Shift Register Minimum Size        : 2
Use DSP Block                      : Auto
Automatic Register Balancing       : No

---- Target Options
LUT Combining                      : Auto
Reduce Control Sets                : Auto
Add IO Buffers                     : YES
Global Maximum Fanout              : 100000
Add Generic Clock Buffer(BUFG)     : 16
Register Duplication               : YES
Optimize Instantiated Primitives   : NO
Use Clock Enable                   : Auto
Use Synchronous Set                : Auto
Use Synchronous Reset              : Auto
Pack IO Registers into IOBs        : Auto
Equivalent register Removal        : YES

---- General Options
Optimization Goal                  : Speed
Optimization Effort                : 1
Power Reduction                    : NO
Keep Hierarchy                     : No
Netlist Hierarchy                  : As_Optimized
RTL Output                         : Yes
Global Optimization                : AllClockNets
Read Cores                         : YES
Write Timing Constraints           : NO
Cross Clock Analysis               : NO
Hierarchy Separator                : /
Bus Delimiter                      : <>
Case Specifier                     : Maintain
Slice Utilization Ratio            : 100
BRAM Utilization Ratio             : 100
DSP48 Utilization Ratio            : 100
Auto BRAM Packing                  : NO
Slice Utilization Ratio Delta      : 5

=========================================================================


=========================================================================
*                          HDL Parsing                                  *
=========================================================================
Parsing VHDL file "C:\Users\Ivan\Desktop\fpgaE6Review\Practica6\Semaforo.vhd" into library work
Parsing entity <Semaforo>.
Parsing architecture <Behavioral> of entity <semaforo>.

=========================================================================
*                            HDL Elaboration                            *
=========================================================================

Elaborating entity <Semaforo> (architecture <Behavioral>) from library <work>.

=========================================================================
*                           HDL Synthesis                               *
=========================================================================

Synthesizing Unit <Semaforo>.
    Related source file is "C:\Users\Ivan\Desktop\fpgaE6Review\Practica6\Semaforo.vhd".
    Found 31-bit register for signal <delay>.
    Found 1-bit register for signal <RED>.
    Found 1-bit register for signal <GREEN>.
    Found 1-bit register for signal <YELLOW>.
    Found 2-bit register for signal <current_state>.
    Found finite state machine <FSM_0> for signal <current_state>.
    -----------------------------------------------------------------------
    | States             | 4                                              |
    | Transitions        | 7                                              |
    | Inputs             | 3                                              |
    | Outputs            | 2                                              |
    | Clock              | clk (rising_edge)                              |
    | Reset              | rst (positive)                                 |
    | Reset type         | synchronous                                    |
    | Reset State        | sred                                           |
    | Power Up State     | srst                                           |
    | Encoding           | auto                                           |
    | Implementation     | LUT                                            |
    -----------------------------------------------------------------------
    Found 31-bit adder for signal <delay[30]_GND_4_o_add_9_OUT> created at line 60.
    Found 31-bit 4-to-1 multiplexer for signal <current_state[1]_GND_4_o_wide_mux_12_OUT> created at line 35.
    Found 1-bit 4-to-1 multiplexer for signal <current_state[1]_PWR_4_o_Mux_14_o> created at line 35.
    Found 1-bit 4-to-1 multiplexer for signal <current_state[1]_GND_4_o_Mux_15_o> created at line 35.
    Found 1-bit 4-to-1 multiplexer for signal <current_state[1]_GND_4_o_Mux_16_o> created at line 35.
    Found 31-bit comparator greater for signal <delay[30]_GND_4_o_LessThan_1_o> created at line 37
    Found 31-bit comparator greater for signal <delay[30]_GND_4_o_LessThan_5_o> created at line 48
    Found 31-bit comparator greater for signal <delay[30]_GND_4_o_LessThan_9_o> created at line 59
    Summary:
	inferred   1 Adder/Subtractor(s).
	inferred  34 D-type flip-flop(s).
	inferred   3 Comparator(s).
	inferred  16 Multiplexer(s).
	inferred   1 Finite State Machine(s).
Unit <Semaforo> synthesized.

=========================================================================
HDL Synthesis Report

Macro Statistics
# Adders/Subtractors                                   : 1
 31-bit adder                                          : 1
# Registers                                            : 4
 1-bit register                                        : 3
 31-bit register                                       : 1
# Comparators                                          : 3
 31-bit comparator greater                             : 3
# Multiplexers                                         : 16
 1-bit 2-to-1 multiplexer                              : 9
 1-bit 4-to-1 multiplexer                              : 3
 31-bit 2-to-1 multiplexer                             : 3
 31-bit 4-to-1 multiplexer                             : 1
# FSMs                                                 : 1

=========================================================================

=========================================================================
*                       Advanced HDL Synthesis                          *
=========================================================================


=========================================================================
Advanced HDL Synthesis Report

Macro Statistics
# Adders/Subtractors                                   : 1
 31-bit adder                                          : 1
# Registers                                            : 34
 Flip-Flops                                            : 34
# Comparators                                          : 3
 31-bit comparator greater                             : 3
# Multiplexers                                         : 16
 1-bit 2-to-1 multiplexer                              : 9
 1-bit 4-to-1 multiplexer                              : 3
 31-bit 2-to-1 multiplexer                             : 3
 31-bit 4-to-1 multiplexer                             : 1
# FSMs                                                 : 1

=========================================================================

=========================================================================
*                         Low Level Synthesis                           *
=========================================================================
Analyzing FSM <MFsm> for best encoding.
Optimizing FSM <FSM_0> on signal <current_state[1:4]> with one-hot encoding.
---------------------
 State   | Encoding
---------------------
 srst    | 0010
 sred    | 0001
 sgreen  | 0100
 syellow | 1000
---------------------
WARNING:Xst:1426 - The value init of the FF/Latch current_state_FSM_FFd3 hinder the constant cleaning in the block Semaforo.
   You should achieve better results by setting this init to 0.

Optimizing unit <Semaforo> ...
WARNING:Xst:1293 - FF/Latch <delay_30> has a constant value of 0 in block <Semaforo>. This FF/Latch will be trimmed during the optimization process.
WARNING:Xst:1896 - Due to other FF/Latch trimming, FF/Latch <delay_29> has a constant value of 0 in block <Semaforo>. This FF/Latch will be trimmed during the optimization process.
WARNING:Xst:1896 - Due to other FF/Latch trimming, FF/Latch <delay_28> has a constant value of 0 in block <Semaforo>. This FF/Latch will be trimmed during the optimization process.
WARNING:Xst:1896 - Due to other FF/Latch trimming, FF/Latch <delay_27> has a constant value of 0 in block <Semaforo>. This FF/Latch will be trimmed during the optimization process.
WARNING:Xst:1896 - Due to other FF/Latch trimming, FF/Latch <delay_26> has a constant value of 0 in block <Semaforo>. This FF/Latch will be trimmed during the optimization process.
WARNING:Xst:1896 - Due to other FF/Latch trimming, FF/Latch <delay_25> has a constant value of 0 in block <Semaforo>. This FF/Latch will be trimmed during the optimization process.
WARNING:Xst:1896 - Due to other FF/Latch trimming, FF/Latch <delay_24> has a constant value of 0 in block <Semaforo>. This FF/Latch will be trimmed during the optimization process.
WARNING:Xst:1896 - Due to other FF/Latch trimming, FF/Latch <delay_23> has a constant value of 0 in block <Semaforo>. This FF/Latch will be trimmed during the optimization process.
WARNING:Xst:1896 - Due to other FF/Latch trimming, FF/Latch <delay_22> has a constant value of 0 in block <Semaforo>. This FF/Latch will be trimmed during the optimization process.
WARNING:Xst:1896 - Due to other FF/Latch trimming, FF/Latch <delay_21> has a constant value of 0 in block <Semaforo>. This FF/Latch will be trimmed during the optimization process.
WARNING:Xst:1896 - Due to other FF/Latch trimming, FF/Latch <delay_20> has a constant value of 0 in block <Semaforo>. This FF/Latch will be trimmed during the optimization process.
WARNING:Xst:1896 - Due to other FF/Latch trimming, FF/Latch <delay_19> has a constant value of 0 in block <Semaforo>. This FF/Latch will be trimmed during the optimization process.
WARNING:Xst:1896 - Due to other FF/Latch trimming, FF/Latch <delay_18> has a constant value of 0 in block <Semaforo>. This FF/Latch will be trimmed during the optimization process.
WARNING:Xst:1896 - Due to other FF/Latch trimming, FF/Latch <delay_17> has a constant value of 0 in block <Semaforo>. This FF/Latch will be trimmed during the optimization process.
WARNING:Xst:1896 - Due to other FF/Latch trimming, FF/Latch <delay_16> has a constant value of 0 in block <Semaforo>. This FF/Latch will be trimmed during the optimization process.
WARNING:Xst:1896 - Due to other FF/Latch trimming, FF/Latch <delay_15> has a constant value of 0 in block <Semaforo>. This FF/Latch will be trimmed during the optimization process.
WARNING:Xst:1896 - Due to other FF/Latch trimming, FF/Latch <delay_14> has a constant value of 0 in block <Semaforo>. This FF/Latch will be trimmed during the optimization process.
WARNING:Xst:1896 - Due to other FF/Latch trimming, FF/Latch <delay_13> has a constant value of 0 in block <Semaforo>. This FF/Latch will be trimmed during the optimization process.
WARNING:Xst:1896 - Due to other FF/Latch trimming, FF/Latch <delay_12> has a constant value of 0 in block <Semaforo>. This FF/Latch will be trimmed during the optimization process.
WARNING:Xst:1896 - Due to other FF/Latch trimming, FF/Latch <delay_11> has a constant value of 0 in block <Semaforo>. This FF/Latch will be trimmed during the optimization process.
WARNING:Xst:1896 - Due to other FF/Latch trimming, FF/Latch <delay_10> has a constant value of 0 in block <Semaforo>. This FF/Latch will be trimmed during the optimization process.
WARNING:Xst:1896 - Due to other FF/Latch trimming, FF/Latch <delay_9> has a constant value of 0 in block <Semaforo>. This FF/Latch will be trimmed during the optimization process.
WARNING:Xst:1896 - Due to other FF/Latch trimming, FF/Latch <delay_8> has a constant value of 0 in block <Semaforo>. This FF/Latch will be trimmed during the optimization process.
WARNING:Xst:1896 - Due to other FF/Latch trimming, FF/Latch <delay_7> has a constant value of 0 in block <Semaforo>. This FF/Latch will be trimmed during the optimization process.
WARNING:Xst:1896 - Due to other FF/Latch trimming, FF/Latch <delay_6> has a constant value of 0 in block <Semaforo>. This FF/Latch will be trimmed during the optimization process.
WARNING:Xst:1896 - Due to other FF/Latch trimming, FF/Latch <delay_5> has a constant value of 0 in block <Semaforo>. This FF/Latch will be trimmed during the optimization process.
INFO:Xst:2261 - The FF/Latch <GREEN> in Unit <Semaforo> is equivalent to the following FF/Latch, which will be removed : <current_state_FSM_FFd2> 

Mapping all equations...
Building and optimizing final netlist ...
WARNING:Xst:1426 - The value init of the FF/Latch current_state_FSM_FFd3 hinder the constant cleaning in the block Semaforo.
   You should achieve better results by setting this init to 0.
Found area constraint ratio of 100 (+ 5) on block Semaforo, actual ratio is 0.

Final Macro Processing ...

=========================================================================
Final Register Report

Macro Statistics
# Registers                                            : 11
 Flip-Flops                                            : 11

=========================================================================

=========================================================================
*                           Partition Report                            *
=========================================================================

Partition Implementation Status
-------------------------------

  No Partitions were found in this design.

-------------------------------

=========================================================================
*                            Design Summary                             *
=========================================================================

Top Level Output File Name         : Semaforo.ngc

Primitive and Black Box Usage:
------------------------------
# BELS                             : 60
#      GND                         : 1
#      INV                         : 1
#      LUT1                        : 7
#      LUT2                        : 3
#      LUT3                        : 2
#      LUT4                        : 3
#      LUT5                        : 3
#      LUT6                        : 8
#      MUXCY                       : 26
#      VCC                         : 1
#      XORCY                       : 5
# FlipFlops/Latches                : 11
#      FD                          : 2
#      FDR                         : 8
#      FDS                         : 1
# Clock Buffers                    : 1
#      BUFGP                       : 1
# IO Buffers                       : 4
#      IBUF                        : 1
#      OBUF                        : 3

Device utilization summary:
---------------------------

Selected Device : 6slx16csg324-3n 


Slice Logic Utilization: 
 Number of Slice Registers:              11  out of  18224     0%  
 Number of Slice LUTs:                   27  out of   9112     0%  
    Number used as Logic:                27  out of   9112     0%  

Slice Logic Distribution: 
 Number of LUT Flip Flop pairs used:     28
   Number with an unused Flip Flop:      17  out of     28    60%  
   Number with an unused LUT:             1  out of     28     3%  
   Number of fully used LUT-FF pairs:    10  out of     28    35%  
   Number of unique control sets:         2

IO Utilization: 
 Number of IOs:                           5
 Number of bonded IOBs:                   5  out of    232     2%  

Specific Feature Utilization:
 Number of BUFG/BUFGCTRL/BUFHCEs:         1  out of     16     6%  

---------------------------
Partition Resource Summary:
---------------------------

  No Partitions were found in this design.

---------------------------


=========================================================================
Timing Report

NOTE: THESE TIMING NUMBERS ARE ONLY A SYNTHESIS ESTIMATE.
      FOR ACCURATE TIMING INFORMATION PLEASE REFER TO THE TRACE REPORT
      GENERATED AFTER PLACE-and-ROUTE.

Clock Information:
------------------
-----------------------------------+------------------------+-------+
Clock Signal                       | Clock buffer(FF name)  | Load  |
-----------------------------------+------------------------+-------+
clk                                | BUFGP                  | 11    |
-----------------------------------+------------------------+-------+

Asynchronous Control Signals Information:
----------------------------------------
No asynchronous control signals found in this design

Timing Summary:
---------------
Speed Grade: -3

   Minimum period: 3.948ns (Maximum Frequency: 253.309MHz)
   Minimum input arrival time before clock: 2.728ns
   Maximum output required time after clock: 3.874ns
   Maximum combinational path delay: No path found

Timing Details:
---------------
All values displayed in nanoseconds (ns)

=========================================================================
Timing constraint: Default period analysis for Clock 'clk'
  Clock period: 3.948ns (frequency: 253.309MHz)
  Total number of paths / destination ports: 247 / 10
-------------------------------------------------------------------------
Delay:               3.948ns (Levels of Logic = 9)
  Source:            delay_2 (FF)
  Destination:       delay_0 (FF)
  Source Clock:      clk rising
  Destination Clock: clk rising

  Data Path: delay_2 to delay_0
                                Gate     Net
    Cell:in->out      fanout   Delay   Delay  Logical Name (Net Name)
    ----------------------------------------  ------------
     FDR:C->Q              6   0.447   1.089  delay_2 (delay_2)
     LUT5:I0->O            1   0.203   0.000  Mcompar_delay[30]_GND_4_o_LessThan_1_o_lut<0> (Mcompar_delay[30]_GND_4_o_LessThan_1_o_lut<0>)
     MUXCY:S->O            1   0.172   0.000  Mcompar_delay[30]_GND_4_o_LessThan_1_o_cy<0> (Mcompar_delay[30]_GND_4_o_LessThan_1_o_cy<0>)
     MUXCY:CI->O           1   0.019   0.000  Mcompar_delay[30]_GND_4_o_LessThan_1_o_cy<1> (Mcompar_delay[30]_GND_4_o_LessThan_1_o_cy<1>)
     MUXCY:CI->O           1   0.019   0.000  Mcompar_delay[30]_GND_4_o_LessThan_1_o_cy<2> (Mcompar_delay[30]_GND_4_o_LessThan_1_o_cy<2>)
     MUXCY:CI->O           1   0.019   0.000  Mcompar_delay[30]_GND_4_o_LessThan_1_o_cy<3> (Mcompar_delay[30]_GND_4_o_LessThan_1_o_cy<3>)
     MUXCY:CI->O           1   0.019   0.000  Mcompar_delay[30]_GND_4_o_LessThan_1_o_cy<4> (Mcompar_delay[30]_GND_4_o_LessThan_1_o_cy<4>)
     MUXCY:CI->O           5   0.019   0.715  Mcompar_delay[30]_GND_4_o_LessThan_1_o_cy<5> (Mcompar_delay[30]_GND_4_o_LessThan_1_o_cy<5>)
     LUT2:I1->O            5   0.205   0.715  Mmux_current_state[1]_GND_4_o_wide_mux_12_OUT<0>11_SW0 (N7)
     LUT6:I5->O            1   0.205   0.000  Mmux_current_state[1]_GND_4_o_wide_mux_12_OUT<0>2 (current_state[1]_GND_4_o_wide_mux_12_OUT<0>)
     FDR:D                     0.102          delay_0
    ----------------------------------------
    Total                      3.948ns (1.429ns logic, 2.519ns route)
                                       (36.2% logic, 63.8% route)

=========================================================================
Timing constraint: Default OFFSET IN BEFORE for Clock 'clk'
  Total number of paths / destination ports: 10 / 10
-------------------------------------------------------------------------
Offset:              2.728ns (Levels of Logic = 2)
  Source:            rst (PAD)
  Destination:       current_state_FSM_FFd4 (FF)
  Destination Clock: clk rising

  Data Path: rst to current_state_FSM_FFd4
                                Gate     Net
    Cell:in->out      fanout   Delay   Delay  Logical Name (Net Name)
    ----------------------------------------  ------------
     IBUF:I->O            10   1.222   1.201  rst_IBUF (rst_IBUF)
     LUT5:I0->O            1   0.203   0.000  current_state_FSM_FFd4_glue_set_cy1_cy (current_state_FSM_FFd4_glue_set)
     FD:D                      0.102          current_state_FSM_FFd4
    ----------------------------------------
    Total                      2.728ns (1.527ns logic, 1.201ns route)
                                       (56.0% logic, 44.0% route)

=========================================================================
Timing constraint: Default OFFSET OUT AFTER for Clock 'clk'
  Total number of paths / destination ports: 3 / 3
-------------------------------------------------------------------------
Offset:              3.874ns (Levels of Logic = 1)
  Source:            GREEN (FF)
  Destination:       GREEN (PAD)
  Source Clock:      clk rising

  Data Path: GREEN to GREEN
                                Gate     Net
    Cell:in->out      fanout   Delay   Delay  Logical Name (Net Name)
    ----------------------------------------  ------------
     FDR:C->Q             10   0.447   0.856  GREEN (GREEN_OBUF)
     OBUF:I->O                 2.571          GREEN_OBUF (GREEN)
    ----------------------------------------
    Total                      3.874ns (3.018ns logic, 0.856ns route)
                                       (77.9% logic, 22.1% route)

=========================================================================

Cross Clock Domains Report:
--------------------------

Clock to Setup on destination clock clk
---------------+---------+---------+---------+---------+
               | Src:Rise| Src:Fall| Src:Rise| Src:Fall|
Source Clock   |Dest:Rise|Dest:Rise|Dest:Fall|Dest:Fall|
---------------+---------+---------+---------+---------+
clk            |    3.948|         |         |         |
---------------+---------+---------+---------+---------+

=========================================================================


Total REAL time to Xst completion: 6.00 secs
Total CPU time to Xst completion: 5.16 secs
 
--> 

Total memory usage is 185860 kilobytes

Number of errors   :    0 (   0 filtered)
Number of warnings :   28 (   0 filtered)
Number of infos    :    1 (   0 filtered)

